<?xml version="1.0" encoding="UTF-8"?>
<!-- Generated by org.testng.reporters.JUnitReportReporter -->
<testsuite hostname="DESKTOP-P88I09P" failures="0" tests="5" name="myproject.testcaseone" time="12.509" errors="0" timestamp="2024-11-23T22:38:58 IST" skipped="0">
  <testcase classname="myproject.testcaseone" name="openapp" time="6.923"/>
  <system-out/>
  <testcase classname="myproject.testcaseone" name="loginpage" time="0.001"/>
  <system-out/>
  <testcase classname="myproject.testcaseone" name="searchpage" time="0.424"/>
  <system-out/>
  <testcase classname="myproject.testcaseone" name="loginvalidatetion" time="0.009"/>
  <system-out/>
  <testcase classname="myproject.testcaseone" name="logoutpage" time="5.152"/>
  <system-out/>
</testsuite> <!-- myproject.testcaseone -->
