<?xml version="1.0" encoding="UTF-8"?>
<!-- Generated by org.testng.reporters.JUnitReportReporter -->
<testsuite hostname="DESKTOP-P88I09P" failures="0" tests="3" name="myproject.testnetgn" time="0.014" errors="0" timestamp="2024-10-28T21:35:25 IST" skipped="0">
  <testcase classname="myproject.testnetgn" name="openapp" time="0.011"/>
  <system-out/>
  <testcase classname="myproject.testnetgn" name="login" time="0.002"/>
  <system-out/>
  <testcase classname="myproject.testnetgn" name="logout" time="0.001"/>
  <system-out/>
</testsuite> <!-- myproject.testnetgn -->
