<?xml version="1.0" encoding="UTF-8"?>
<!-- Generated by org.testng.reporters.JUnitReportReporter -->
<testsuite hostname="DESKTOP-P88I09P" failures="0" tests="1" name="testcase.TC001_openpage" time="4.542" errors="0" timestamp="2024-11-26T11:14:01 IST" skipped="0">
  <testcase classname="testcase.TC001_openpage" name="Regpagelnk" time="4.542"/>
  <system-out/>
</testsuite> <!-- testcase.TC001_openpage -->
