<?xml version="1.0" encoding="UTF-8"?>
<!-- Generated by org.testng.reporters.JUnitReportReporter -->
<testsuite hostname="DESKTOP-P88I09P" failures="0" tests="5" name="myproject.testcaseone" time="12.979" errors="0" timestamp="2024-11-28T20:47:31 IST" skipped="0">
  <testcase classname="myproject.testcaseone" name="openapp" time="7.348"/>
  <system-out/>
  <testcase classname="myproject.testcaseone" name="searchpage" time="0.455"/>
  <system-out/>
  <testcase classname="myproject.testcaseone" name="loginpage" time="0.002"/>
  <system-out/>
  <testcase classname="myproject.testcaseone" name="loginvalidatetion" time="0.008"/>
  <system-out/>
  <testcase classname="myproject.testcaseone" name="logoutpage" time="5.166"/>
  <system-out/>
</testsuite> <!-- myproject.testcaseone -->
