<?xml version="1.0" encoding="UTF-8"?>
<!-- Generated by org.testng.reporters.JUnitReportReporter -->
<testsuite hostname="DESKTOP-P88I09P" failures="0" tests="2" name="myproject.checkboxtest" time="25.838" errors="0" timestamp="2024-12-07T20:38:39 IST" skipped="0">
  <testcase classname="myproject.checkboxtest" name="openweb" time="7.138"/>
  <system-out/>
  <testcase classname="myproject.checkboxtest" name="searitem" time="18.700"/>
  <system-out/>
</testsuite> <!-- myproject.checkboxtest -->
